<?xml version="1.0" encoding="UTF-8"?>
<testng-results skipped="0" failed="0" ignored="0" total="1" passed="1">
  <reporter-output>
  </reporter-output>
  <suite name="Default suite" duration-ms="51283" started-at="2021-04-12T17:27:45 IST" finished-at="2021-04-12T17:28:36 IST">
    <groups>
    </groups>
    <test name="Default test" duration-ms="51283" started-at="2021-04-12T17:27:45 IST" finished-at="2021-04-12T17:28:36 IST">
      <class name="com.vtiger.tc.Create_Contact">
        <test-method status="PASS" signature="createCon()[pri:0, instance:com.vtiger.tc.Create_Contact@7a9273a8]" name="createCon" duration-ms="51244" started-at="2021-04-12T17:27:45 IST" finished-at="2021-04-12T17:28:36 IST">
          <reporter-output>
          </reporter-output>
        </test-method> <!-- createCon -->
      </class> <!-- com.vtiger.tc.Create_Contact -->
    </test> <!-- Default test -->
  </suite> <!-- Default suite -->
</testng-results>
